\BOOKMARK [0][]{chapter*.2}{Abstract}{}% 1
\BOOKMARK [0][]{chapter*.2}{Inhaltsverzeichnis}{}% 2
\BOOKMARK [0][]{chapter*.2}{Abbildungsverzeichnis}{}% 3
\BOOKMARK [0][]{chapter*.3}{Abk\374rzungsverzeichnis}{}% 4
\BOOKMARK [0][]{chapter.1}{1 Projekt\374bersicht}{}% 5
\BOOKMARK [1][]{section.1.1}{1.1 Kontext}{chapter.1}% 6
\BOOKMARK [1][]{section.1.2}{1.2 Ziel}{chapter.1}% 7
\BOOKMARK [0][]{chapter.2}{2 Betriebssysteme\374bersicht}{}% 8
\BOOKMARK [1][]{section.2.1}{2.1 OpenWRT}{chapter.2}% 9
\BOOKMARK [1][]{section.2.2}{2.2 Bananian}{chapter.2}% 10
\BOOKMARK [1][]{section.2.3}{2.3 IPFire}{chapter.2}% 11
\BOOKMARK [1][]{section.2.4}{2.4 Armbian}{chapter.2}% 12
\BOOKMARK [0][]{chapter.3}{3 Implementierung}{}% 13
\BOOKMARK [1][]{section.3.1}{3.1 Backup und Wiederherstellung des Betriebssystems}{chapter.3}% 14
\BOOKMARK [2][]{subsection.3.1.1}{3.1.1 dd}{section.3.1}% 15
\BOOKMARK [2][]{subsection.3.1.2}{3.1.2 rsync}{section.3.1}% 16
\BOOKMARK [2][]{subsection.3.1.3}{3.1.3 tar}{section.3.1}% 17
\BOOKMARK [2][]{subsection.3.1.4}{3.1.4 Automatisierung mittels Bash-Skript}{section.3.1}% 18
\BOOKMARK [1][]{section.3.2}{3.2 Update des Banana Pi}{chapter.3}% 19
\BOOKMARK [1][]{section.3.3}{3.3 Implementierung einer Displaystatusanzeige}{chapter.3}% 20
\BOOKMARK [1][]{section.3.4}{3.4 Routing, VLANs}{chapter.3}% 21
\BOOKMARK [1][]{section.3.5}{3.5 WLAN}{chapter.3}% 22
\BOOKMARK [1][]{section.3.6}{3.6 Radius}{chapter.3}% 23
\BOOKMARK [1][]{section.3.7}{3.7 Mailserver}{chapter.3}% 24
\BOOKMARK [1][]{section.3.8}{3.8 Samba}{chapter.3}% 25
\BOOKMARK [0][]{chapter.4}{4 Benutzeranleitung}{}% 26
\BOOKMARK [0][]{chapter.5}{5 Lerneffekt - Eigenbewertung}{}% 27
\BOOKMARK [0][]{chapter.6}{6 Ausblick}{}% 28
\BOOKMARK [0][]{chapter*.13}{Literaturverzeichnis}{}% 29
\BOOKMARK [0][]{chapter*.14}{Eidesstattliche Erkl\344rung}{}% 30
